Request Time: 2023-09-19 12:01:43
Request: {'action': 'put', 'key': 'ironman', 'value': 'Tony Stark'}
Response: Put successful
Request Time: 2023-09-19 12:01:43
Request: {'action': 'put', 'key': 'spiderman', 'value': 'Peter Parker'}
Response: Put successful
Request Time: 2023-09-19 12:01:43
Request: {'action': 'get', 'key': 'ironman'}
Response: Tony Stark
Request Time: 2023-09-19 12:01:43
Request: {'action': 'get', 'key': 'spiderman'}
Response: Peter Parker
Request Time: 2023-09-19 12:01:43
Request: {'action': 'delete', 'key': 'spiderman'}
Response: Delete successful
Request Time: 2023-09-19 12:01:43
Request: {'action': 'get', 'key': 'spiderman'}
Response: Key not found
Request Time: 2023-09-19 12:01:43
Request: {'action': 'exit'}
Response: Key not found
Request Time: 2023-09-19 12:04:48
Request: {'action': 'put', 'key': 'ironman', 'value': 'Tony Stark'}
Response: Put successful
Request Time: 2023-09-19 12:04:48
Request: {'action': 'put', 'key': 'spiderman', 'value': 'Peter Parker'}
Response: Put successful
Request Time: 2023-09-19 12:04:48
Request: {'action': 'get', 'key': 'ironman'}
Response: Tony Stark
Request Time: 2023-09-19 12:04:48
Request: {'action': 'get', 'key': 'spiderman'}
Response: Peter Parker
Request Time: 2023-09-19 12:04:48
Request: {'action': 'delete', 'key': 'spiderman'}
Response: Delete successful
Request Time: 2023-09-19 12:04:48
Request: {'action': 'get', 'key': 'spiderman'}
Response: Key not found
Request Time: 2023-09-19 12:04:48
Request: {'action': 'exit'}
Response: b'\x80\x04\x95"\x00\x00\x00\x00\x00\x00\x00\x8c\x1eClosing connection with server\x94.'
Request Time: 2023-09-19 12:05:40
Request: {'action': 'put', 'key': 'ironman', 'value': 'Tony Stark'}
Response: Put successful
Request Time: 2023-09-19 12:05:40
Request: {'action': 'put', 'key': 'spiderman', 'value': 'Peter Parker'}
Response: Put successful
Request Time: 2023-09-19 12:05:40
Request: {'action': 'get', 'key': 'ironman'}
Response: Tony Stark
Request Time: 2023-09-19 12:05:40
Request: {'action': 'get', 'key': 'spiderman'}
Response: Peter Parker
Request Time: 2023-09-19 12:05:40
Request: {'action': 'delete', 'key': 'spiderman'}
Response: Delete successful
Request Time: 2023-09-19 12:05:40
Request: {'action': 'get', 'key': 'spiderman'}
Response: Key not found
Request Time: 2023-09-19 12:05:40
Request: {'action': 'exit'}
Response: Closing connection with server
Request Time: 2023-09-19 12:29:21
Request: {'action': 'put', 'key': 'ironman', 'value': 'Tony Stark'}
Response: Put successful
Request Time: 2023-09-19 12:29:21
Request: {'action': 'put', 'key': 'spiderman', 'value': 'Peter Parker'}
Response: Put successful
Request Time: 2023-09-19 12:29:21
Request: {'action': 'get', 'key': 'ironman'}
Response: Tony Stark
Request Time: 2023-09-19 12:29:21
Request: {'action': 'get', 'key': 'spiderman'}
Response: Peter Parker
Request Time: 2023-09-19 12:29:21
Request: {'action': 'delete', 'key': 'spiderman'}
Response: Delete successful
Request Time: 2023-09-19 12:29:21
Request: {'action': 'get', 'key': 'spiderman'}
Response: Key not found
Request Time: 2023-09-19 12:29:21
Request: {'action': 'exit'}
Response: Closing connection with server
Request Time: 2023-11-17 23:22:12
Request: {'action': 'put', 'key': 'ironman', 'value': 'Tony Stark'}
Response: Put successful
Request Time: 2023-11-17 23:22:12
Request: {'action': 'put', 'key': 'ironman', 'value': 'Tony Stark'}
Response: Put successful
Request Time: 2023-11-17 23:22:12
Request: {'action': 'put', 'key': 'spiderman', 'value': 'Peter Parker'}
Response: Put successful
Request Time: 2023-11-17 23:22:12
Request: {'action': 'put', 'key': 'spiderman', 'value': 'Peter Parker'}
Response: Put successful
Request Time: 2023-11-17 23:22:12
Request: {'action': 'get', 'key': 'ironman'}
Response: Tony Stark
Request Time: 2023-11-17 23:22:12
Request: {'action': 'get', 'key': 'ironman'}
Response: Tony Stark
Request Time: 2023-11-17 23:22:12
Request: {'action': 'get', 'key': 'spiderman'}
Response: Peter Parker
Request Time: 2023-11-17 23:22:12
Request: {'action': 'get', 'key': 'spiderman'}
Response: Peter Parker
Request Time: 2023-11-17 23:22:12
Request: {'action': 'delete', 'key': 'spiderman'}
Response: Delete successful
Request Time: 2023-11-17 23:22:12
Request: {'action': 'delete', 'key': 'spiderman'}
Response: Delete successful
Request Time: 2023-11-17 23:22:12
Request: {'action': 'get', 'key': 'spiderman'}
Response: Key not found
Request Time: 2023-11-17 23:22:12
Request: {'action': 'get', 'key': 'spiderman'}
Response: Key not found
Request Time: 2023-11-17 23:28:18
Request: {'action': 'put', 'key': 'ironman', 'value': 'Tony Stark'}
Response: Put successful
Request Time: 2023-11-17 23:28:18
Request: {'action': 'put', 'key': 'ironman', 'value': 'Tony Stark'}
Response: Put successful
Request Time: 2023-11-17 23:28:18
Request: {'action': 'put', 'key': 'ironman', 'value': 'Tony Stark'}
Response: Put successful
Request Time: 2023-11-17 23:28:18
Request: {'action': 'put', 'key': 'ironman', 'value': 'Tony Stark'}
Response: Put successful
Request Time: 2023-11-17 23:28:18
Request: {'action': 'put', 'key': 'ironman', 'value': 'Tony Stark'}
Response: Put successful
Request Time: 2023-11-17 23:28:18
Request: {'action': 'put', 'key': 'spiderman', 'value': 'Peter Parker'}
Response: Put successful
Request Time: 2023-11-17 23:28:18
Request: {'action': 'put', 'key': 'spiderman', 'value': 'Peter Parker'}
Response: Put successful
Request Time: 2023-11-17 23:28:18
Request: {'action': 'put', 'key': 'spiderman', 'value': 'Peter Parker'}
Response: Put successful
Request Time: 2023-11-17 23:28:18
Request: {'action': 'put', 'key': 'spiderman', 'value': 'Peter Parker'}
Response: Put successful
Request Time: 2023-11-17 23:28:18
Request: {'action': 'put', 'key': 'spiderman', 'value': 'Peter Parker'}
Response: Put successful
Request Time: 2023-11-17 23:28:18
Request: {'action': 'get', 'key': 'ironman'}
Response: Tony Stark
Request Time: 2023-11-17 23:28:18
Request: {'action': 'get', 'key': 'ironman'}
Response: Tony Stark
Request Time: 2023-11-17 23:28:18
Request: {'action': 'get', 'key': 'ironman'}
Response: Tony Stark
Request Time: 2023-11-17 23:28:18
Request: {'action': 'get', 'key': 'ironman'}
Response: Tony Stark
Request Time: 2023-11-17 23:28:18
Request: {'action': 'get', 'key': 'ironman'}
Response: Tony Stark
Request Time: 2023-11-17 23:28:18
Request: {'action': 'get', 'key': 'spiderman'}
Response: Peter Parker
Request Time: 2023-11-17 23:28:18
Request: {'action': 'get', 'key': 'spiderman'}
Response: Peter Parker
Request Time: 2023-11-17 23:28:18
Request: {'action': 'get', 'key': 'spiderman'}
Response: Peter Parker
Request Time: 2023-11-17 23:28:18
Request: {'action': 'get', 'key': 'spiderman'}
Response: Peter Parker
Request Time: 2023-11-17 23:28:18
Request: {'action': 'get', 'key': 'spiderman'}
Response: Peter Parker
Request Time: 2023-11-17 23:28:18
Request: {'action': 'delete', 'key': 'spiderman'}
Response: Delete successful
Request Time: 2023-11-17 23:28:18
Request: {'action': 'delete', 'key': 'spiderman'}
Response: Delete successful
Request Time: 2023-11-17 23:28:18
Request: {'action': 'delete', 'key': 'spiderman'}
Response: Key not found
Request Time: 2023-11-17 23:28:18
Request: {'action': 'delete', 'key': 'spiderman'}
Response: Key not found
Request Time: 2023-11-17 23:28:18
Request: {'action': 'delete', 'key': 'spiderman'}
Response: Key not found
Request Time: 2023-11-17 23:28:18
Request: {'action': 'get', 'key': 'spiderman'}
Response: Key not found
Request Time: 2023-11-17 23:28:18
Request: {'action': 'get', 'key': 'spiderman'}
Response: Key not found
Request Time: 2023-11-17 23:28:18
Request: {'action': 'get', 'key': 'spiderman'}
Response: Key not found
Request Time: 2023-11-17 23:28:18
Request: {'action': 'get', 'key': 'spiderman'}
Response: Key not found
Request Time: 2023-11-17 23:28:18
Request: {'action': 'get', 'key': 'spiderman'}
Response: Key not found
Request Time: 2023-11-17 23:31:09
Request: {'action': 'put', 'key': 'ironman', 'value': 'Tony Stark'}
Response: Put successful
Request Time: 2023-11-17 23:31:09
Request: {'action': 'put', 'key': 'ironman', 'value': 'Tony Stark'}
Response: Put successful
Request Time: 2023-11-17 23:31:09
Request: {'action': 'put', 'key': 'ironman', 'value': 'Tony Stark'}
Response: Put successful
Request Time: 2023-11-17 23:31:09
Request: {'action': 'put', 'key': 'ironman', 'value': 'Tony Stark'}
Response: Put successful
Request Time: 2023-11-17 23:31:09
Request: {'action': 'put', 'key': 'ironman', 'value': 'Tony Stark'}
Response: Put successful
Request Time: 2023-11-17 23:31:09
Request: {'action': 'put', 'key': 'spiderman', 'value': 'Peter Parker'}
Response: Put successful
Request Time: 2023-11-17 23:31:09
Request: {'action': 'put', 'key': 'spiderman', 'value': 'Peter Parker'}
Response: Put successful
Request Time: 2023-11-17 23:31:09
Request: {'action': 'put', 'key': 'spiderman', 'value': 'Peter Parker'}
Response: Put successful
Request Time: 2023-11-17 23:31:09
Request: {'action': 'put', 'key': 'spiderman', 'value': 'Peter Parker'}
Response: Put successful
Request Time: 2023-11-17 23:31:09
Request: {'action': 'put', 'key': 'spiderman', 'value': 'Peter Parker'}
Response: Put successful
Request Time: 2023-11-17 23:31:09
Request: {'action': 'get', 'key': 'ironman'}
Response: Tony Stark
Request Time: 2023-11-17 23:31:09
Request: {'action': 'get', 'key': 'ironman'}
Response: Tony Stark
Request Time: 2023-11-17 23:31:09
Request: {'action': 'get', 'key': 'ironman'}
Response: Tony Stark
Request Time: 2023-11-17 23:31:09
Request: {'action': 'get', 'key': 'ironman'}
Response: Tony Stark
Request Time: 2023-11-17 23:31:09
Request: {'action': 'get', 'key': 'ironman'}
Response: Tony Stark
Request Time: 2023-11-17 23:31:09
Request: {'action': 'get', 'key': 'spiderman'}
Response: Peter Parker
Request Time: 2023-11-17 23:31:09
Request: {'action': 'get', 'key': 'spiderman'}
Response: Peter Parker
Request Time: 2023-11-17 23:31:09
Request: {'action': 'get', 'key': 'spiderman'}
Response: Peter Parker
Request Time: 2023-11-17 23:31:09
Request: {'action': 'get', 'key': 'spiderman'}
Response: Peter Parker
Request Time: 2023-11-17 23:31:09
Request: {'action': 'get', 'key': 'spiderman'}
Response: Peter Parker
Request Time: 2023-11-17 23:31:09
Request: {'action': 'delete', 'key': 'spiderman'}
Response: Delete successful
Request Time: 2023-11-17 23:31:09
Request: {'action': 'delete', 'key': 'spiderman'}
Response: Delete successful
Request Time: 2023-11-17 23:31:09
Request: {'action': 'delete', 'key': 'spiderman'}
Response: Key not found
Request Time: 2023-11-17 23:31:09
Request: {'action': 'delete', 'key': 'spiderman'}
Response: Key not found
Request Time: 2023-11-17 23:31:09
Request: {'action': 'delete', 'key': 'spiderman'}
Response: Key not found
Request Time: 2023-11-17 23:31:09
Request: {'action': 'get', 'key': 'spiderman'}
Response: Key not found
Request Time: 2023-11-17 23:31:09
Request: {'action': 'get', 'key': 'spiderman'}
Response: Key not found
Request Time: 2023-11-17 23:31:09
Request: {'action': 'get', 'key': 'spiderman'}
Response: Key not found
Request Time: 2023-11-17 23:31:09
Request: {'action': 'get', 'key': 'spiderman'}
Response: Key not found
Request Time: 2023-11-17 23:31:09
Request: {'action': 'get', 'key': 'spiderman'}
Response: Key not found
Request Time: 2023-11-17 23:37:29
Request: {'action': 'put', 'key': 'forward_test_key1', 'value': 'Value1'}
Response: Put successful
Request Time: 2023-11-17 23:37:29
Request: {'action': 'put', 'key': 'forward_test_key1', 'value': 'Value1'}
Response: Put successful
Request Time: 2023-11-17 23:37:29
Request: {'action': 'get', 'key': 'forward_test_key1'}
Response: Value1
Request Time: 2023-11-17 23:37:29
Request: {'action': 'get', 'key': 'forward_test_key1'}
Response: Value1
Request Time: 2023-11-17 23:41:26
Request: {'action': 'put', 'key': 'forward_test_key1', 'value': 'Value1'}
Response: Put successful
Request Time: 2023-11-17 23:41:26
Request: {'action': 'put', 'key': 'forward_test_key1', 'value': 'Value1'}
Response: Put successful
Request Time: 2023-11-17 23:41:26
Request: {'action': 'get', 'key': 'forward_test_key1'}
Response: Value1
Request Time: 2023-11-17 23:41:26
Request: {'action': 'get', 'key': 'forward_test_key1'}
Response: Value1
Request Time: 2023-11-17 23:41:51
Request: {'action': 'put', 'key': 'forward_test_key2', 'value': 'Value2'}
Response: Put successful
Request Time: 2023-11-17 23:41:51
Request: {'action': 'put', 'key': 'forward_test_key2', 'value': 'Value2'}
Response: Put successful
Request Time: 2023-11-17 23:41:51
Request: {'action': 'get', 'key': 'forward_test_key2'}
Response: Value2
Request Time: 2023-11-17 23:42:44
Request: {'action': 'put', 'key': 'forward_test_key2', 'value': 'Value2'}
Response: Put successful
Request Time: 2023-11-17 23:42:44
Request: {'action': 'put', 'key': 'forward_test_key2', 'value': 'Value2'}
Response: Put successful
Request Time: 2023-11-17 23:42:44
Request: {'action': 'get', 'key': 'forward_test_key2'}
Response: Value2
Request Time: 2023-11-18 00:36:36
Request: {'action': 'put', 'key': 'forward_test_key2', 'value': 'Value2'}
Response: Put successful
Request Time: 2023-11-18 00:36:36
Request: {'action': 'put', 'key': 'forward_test_key2', 'value': 'Value2'}
Response: Put successful
Request Time: 2023-11-18 00:36:36
Request: {'action': 'get', 'key': 'forward_test_key2'}
Response: Value2
Request Time: 2023-11-18 01:15:32
Request: {'action': 'put', 'key': 'key1', 'value': 'value1'}
Response: Put successful
Request Time: 2023-11-18 01:15:32
Request: {'action': 'get', 'key': 'key1'}
Response: value1
Request Time: 2023-11-18 01:15:32
Request: {'action': 'delete', 'key': 'key1'}
Response: Delete successful
Request Time: 2023-11-18 01:15:32
Request: {'action': 'get', 'key': 'key1'}
Response: Key not found
Request Time: 2023-11-18 01:15:32
Request: {'action': 'put', 'key': 'key2', 'value': 'value2'}
Response: Put successful
Request Time: 2023-11-18 01:15:32
Request: {'action': 'put', 'key': 'key2', 'value': 'value2'}
Response: Put successful
Request Time: 2023-11-18 01:15:32
Request: {'action': 'get', 'key': 'key2'}
Response: value2
Request Time: 2023-11-18 01:15:32
Request: {'action': 'get', 'key': 'key2'}
Response: value2
Request Time: 2023-11-18 01:15:32
Request: {'action': 'delete', 'key': 'key2'}
Response: Delete successful
Request Time: 2023-11-18 01:15:32
Request: {'action': 'delete', 'key': 'key2'}
Response: Delete successful
Request Time: 2023-11-18 01:15:32
Request: {'action': 'get', 'key': 'key2'}
Response: Key not found
Request Time: 2023-11-18 01:15:32
Request: {'action': 'get', 'key': 'key2'}
Response: Key not found
Request Time: 2023-11-18 01:15:32
Request: {'action': 'put', 'key': 'key3', 'value': 'value3'}
Response: Put successful
Request Time: 2023-11-18 01:15:32
Request: {'action': 'get', 'key': 'key3'}
Response: value3
Request Time: 2023-11-18 01:15:32
Request: {'action': 'delete', 'key': 'key3'}
Response: Delete successful
Request Time: 2023-11-18 01:15:32
Request: {'action': 'get', 'key': 'key3'}
Response: Key not found
Request Time: 2023-11-18 14:05:11
Request: {'action': 'put', 'key': 'key1', 'value': 'value1'}
Response: Put successful
Request Time: 2023-11-18 14:05:11
Request: {'action': 'get', 'key': 'key1'}
Response: value1
Request Time: 2023-11-18 14:05:11
Request: {'action': 'delete', 'key': 'key1'}
Response: Delete successful
Request Time: 2023-11-18 14:05:11
Request: {'action': 'get', 'key': 'key1'}
Response: Key not found
Request Time: 2023-11-18 14:05:11
Request: {'action': 'put', 'key': 'key2', 'value': 'value2'}
Response: Put successful
Request Time: 2023-11-18 14:05:11
Request: {'action': 'put', 'key': 'key2', 'value': 'value2'}
Response: Put successful
Request Time: 2023-11-18 14:05:11
Request: {'action': 'get', 'key': 'key2'}
Response: value2
Request Time: 2023-11-18 14:05:11
Request: {'action': 'get', 'key': 'key2'}
Response: value2
Request Time: 2023-11-18 14:05:11
Request: {'action': 'delete', 'key': 'key2'}
Response: Delete successful
Request Time: 2023-11-18 14:05:11
Request: {'action': 'delete', 'key': 'key2'}
Response: Delete successful
Request Time: 2023-11-18 14:05:11
Request: {'action': 'get', 'key': 'key2'}
Response: Key not found
Request Time: 2023-11-18 14:05:11
Request: {'action': 'get', 'key': 'key2'}
Response: Key not found
Request Time: 2023-11-18 14:05:11
Request: {'action': 'put', 'key': 'key3', 'value': 'value3'}
Response: Put successful
Request Time: 2023-11-18 14:05:11
Request: {'action': 'get', 'key': 'key3'}
Response: value3
Request Time: 2023-11-18 14:05:11
Request: {'action': 'delete', 'key': 'key3'}
Response: Delete successful
Request Time: 2023-11-18 14:05:11
Request: {'action': 'get', 'key': 'key3'}
Response: Key not found
Request Time: 2023-11-18 14:35:29
Request: {'action': 'put', 'key': 'key1', 'value': 'value1'}
Response: Put successful
Request Time: 2023-11-18 14:35:29
Request: {'action': 'get', 'key': 'key1'}
Response: value1
Request Time: 2023-11-18 14:35:29
Request: {'action': 'delete', 'key': 'key1'}
Response: Delete successful
Request Time: 2023-11-18 14:35:29
Request: {'action': 'get', 'key': 'key1'}
Response: Key not found
Request Time: 2023-11-18 14:35:29
Request: {'action': 'put', 'key': 'key2', 'value': 'value2'}
Response: Put successful
Request Time: 2023-11-18 14:35:29
Request: {'action': 'put', 'key': 'key2', 'value': 'value2'}
Response: Put successful
Request Time: 2023-11-18 14:35:29
Request: {'action': 'get', 'key': 'key2'}
Response: value2
Request Time: 2023-11-18 14:35:29
Request: {'action': 'get', 'key': 'key2'}
Response: value2
Request Time: 2023-11-18 14:35:29
Request: {'action': 'delete', 'key': 'key2'}
Response: Delete successful
Request Time: 2023-11-18 14:35:29
Request: {'action': 'delete', 'key': 'key2'}
Response: Delete successful
Request Time: 2023-11-18 14:35:29
Request: {'action': 'get', 'key': 'key2'}
Response: Key not found
Request Time: 2023-11-18 14:35:29
Request: {'action': 'get', 'key': 'key2'}
Response: Key not found
Request Time: 2023-11-18 14:35:29
Request: {'action': 'put', 'key': 'key3', 'value': 'value3'}
Response: Put successful
Request Time: 2023-11-18 14:35:29
Request: {'action': 'get', 'key': 'key3'}
Response: value3
Request Time: 2023-11-18 14:35:29
Request: {'action': 'delete', 'key': 'key3'}
Response: Delete successful
Request Time: 2023-11-18 14:35:29
Request: {'action': 'get', 'key': 'key3'}
Response: Key not found
Request Time: 2023-11-18 14:40:28
Request: {'action': 'put', 'key': 'key1', 'value': 'value1'}
Response: Put successful
Request Time: 2023-11-18 14:40:28
Request: {'action': 'get', 'key': 'key1'}
Response: value1
Request Time: 2023-11-18 14:40:28
Request: {'action': 'delete', 'key': 'key1'}
Response: Delete successful
Request Time: 2023-11-18 14:40:28
Request: {'action': 'get', 'key': 'key1'}
Response: Key not found
Request Time: 2023-11-18 14:40:28
Request: {'action': 'put', 'key': 'key2', 'value': 'value2'}
Response: Put successful
Request Time: 2023-11-18 14:40:28
Request: {'action': 'put', 'key': 'key2', 'value': 'value2'}
Response: Put successful
Request Time: 2023-11-18 14:40:28
Request: {'action': 'get', 'key': 'key2'}
Response: value2
Request Time: 2023-11-18 14:40:28
Request: {'action': 'get', 'key': 'key2'}
Response: value2
Request Time: 2023-11-18 14:40:28
Request: {'action': 'delete', 'key': 'key2'}
Response: Delete successful
Request Time: 2023-11-18 14:40:28
Request: {'action': 'delete', 'key': 'key2'}
Response: Delete successful
Request Time: 2023-11-18 14:40:28
Request: {'action': 'get', 'key': 'key2'}
Response: Key not found
Request Time: 2023-11-18 14:40:28
Request: {'action': 'get', 'key': 'key2'}
Response: Key not found
Request Time: 2023-11-18 14:40:28
Request: {'action': 'put', 'key': 'key3', 'value': 'value3'}
Response: Put successful
Request Time: 2023-11-18 14:40:28
Request: {'action': 'get', 'key': 'key3'}
Response: value3
Request Time: 2023-11-18 14:40:28
Request: {'action': 'delete', 'key': 'key3'}
Response: Delete successful
Request Time: 2023-11-18 14:40:28
Request: {'action': 'get', 'key': 'key3'}
Response: Key not found
Request Time: 2023-11-18 14:42:52
Request: {'action': 'put', 'key': 'key1', 'value': 'value1'}
Response: Put successful
Request Time: 2023-11-18 14:42:52
Request: {'action': 'get', 'key': 'key1'}
Response: value1
Request Time: 2023-11-18 14:42:52
Request: {'action': 'delete', 'key': 'key1'}
Response: Delete successful
Request Time: 2023-11-18 14:42:52
Request: {'action': 'get', 'key': 'key1'}
Response: Key not found
Request Time: 2023-11-18 14:42:52
Request: {'action': 'put', 'key': 'key2', 'value': 'value2'}
Response: Put successful
Request Time: 2023-11-18 14:42:52
Request: {'action': 'put', 'key': 'key2', 'value': 'value2'}
Response: Put successful
Request Time: 2023-11-18 14:42:52
Request: {'action': 'get', 'key': 'key2'}
Response: value2
Request Time: 2023-11-18 14:42:52
Request: {'action': 'get', 'key': 'key2'}
Response: value2
Request Time: 2023-11-18 14:42:52
Request: {'action': 'delete', 'key': 'key2'}
Response: Delete successful
Request Time: 2023-11-18 14:42:52
Request: {'action': 'delete', 'key': 'key2'}
Response: Delete successful
Request Time: 2023-11-18 14:42:52
Request: {'action': 'get', 'key': 'key2'}
Response: Key not found
Request Time: 2023-11-18 14:42:52
Request: {'action': 'get', 'key': 'key2'}
Response: Key not found
Request Time: 2023-11-18 14:42:52
Request: {'action': 'put', 'key': 'key3', 'value': 'value3'}
Response: Put successful
Request Time: 2023-11-18 14:42:52
Request: {'action': 'get', 'key': 'key3'}
Response: value3
Request Time: 2023-11-18 14:42:52
Request: {'action': 'delete', 'key': 'key3'}
Response: Delete successful
Request Time: 2023-11-18 14:42:52
Request: {'action': 'get', 'key': 'key3'}
Response: Key not found
Request Time: 2023-11-18 14:44:48
Request: {'action': 'put', 'key': 'key1', 'value': 'value1'}
Response: Put successful
Request Time: 2023-11-18 14:44:48
Request: {'action': 'get', 'key': 'key1'}
Response: value1
Request Time: 2023-11-18 14:44:48
Request: {'action': 'delete', 'key': 'key1'}
Response: Delete successful
Request Time: 2023-11-18 14:44:48
Request: {'action': 'get', 'key': 'key1'}
Response: Key not found
Request Time: 2023-11-18 14:44:48
Request: {'action': 'put', 'key': 'key2', 'value': 'value2'}
Response: Put successful
Request Time: 2023-11-18 14:44:48
Request: {'action': 'put', 'key': 'key2', 'value': 'value2'}
Response: Put successful
Request Time: 2023-11-18 14:44:48
Request: {'action': 'get', 'key': 'key2'}
Response: value2
Request Time: 2023-11-18 14:44:48
Request: {'action': 'get', 'key': 'key2'}
Response: value2
Request Time: 2023-11-18 14:44:48
Request: {'action': 'delete', 'key': 'key2'}
Response: Delete successful
Request Time: 2023-11-18 14:44:48
Request: {'action': 'delete', 'key': 'key2'}
Response: Delete successful
Request Time: 2023-11-18 14:44:48
Request: {'action': 'get', 'key': 'key2'}
Response: Key not found
Request Time: 2023-11-18 14:44:48
Request: {'action': 'get', 'key': 'key2'}
Response: Key not found
Request Time: 2023-11-18 14:44:48
Request: {'action': 'put', 'key': 'key3', 'value': 'value3'}
Response: Put successful
Request Time: 2023-11-18 14:44:48
Request: {'action': 'get', 'key': 'key3'}
Response: value3
Request Time: 2023-11-18 14:44:48
Request: {'action': 'delete', 'key': 'key3'}
Response: Delete successful
Request Time: 2023-11-18 14:44:48
Request: {'action': 'get', 'key': 'key3'}
Response: Key not found
Request Time: 2023-11-18 14:58:10
Request: {'action': 'put', 'key': 'key1', 'value': 'value1'}
Response: Put successful
Request Time: 2023-11-18 14:58:10
Request: {'action': 'get', 'key': 'key1'}
Response: value1
Request Time: 2023-11-18 14:58:10
Request: {'action': 'delete', 'key': 'key1'}
Response: Delete successful
Request Time: 2023-11-18 14:58:10
Request: {'action': 'get', 'key': 'key1'}
Response: Key not found
Request Time: 2023-11-18 14:58:10
Request: {'action': 'put', 'key': 'key2', 'value': 'value2'}
Response: Put successful
Request Time: 2023-11-18 14:58:10
Request: {'action': 'put', 'key': 'key2', 'value': 'value2'}
Response: Put successful
Request Time: 2023-11-18 14:58:10
Request: {'action': 'get', 'key': 'key2'}
Response: value2
Request Time: 2023-11-18 14:58:10
Request: {'action': 'get', 'key': 'key2'}
Response: value2
Request Time: 2023-11-18 14:58:10
Request: {'action': 'delete', 'key': 'key2'}
Response: Delete successful
Request Time: 2023-11-18 14:58:10
Request: {'action': 'delete', 'key': 'key2'}
Response: Delete successful
Request Time: 2023-11-18 14:58:10
Request: {'action': 'get', 'key': 'key2'}
Response: Key not found
Request Time: 2023-11-18 14:58:10
Request: {'action': 'get', 'key': 'key2'}
Response: Key not found
Request Time: 2023-11-18 14:58:10
Request: {'action': 'put', 'key': 'key3', 'value': 'value3'}
Response: Put successful
Request Time: 2023-11-18 14:58:10
Request: {'action': 'get', 'key': 'key3'}
Response: value3
Request Time: 2023-11-18 14:58:10
Request: {'action': 'delete', 'key': 'key3'}
Response: Delete successful
Request Time: 2023-11-18 14:58:10
Request: {'action': 'get', 'key': 'key3'}
Response: Key not found
Request Time: 2023-11-18 15:02:03
Request: {'action': 'put', 'key': 'forward_test_key2', 'value': 'Value2'}
Response: Put successful
Request Time: 2023-11-18 15:02:03
Request: {'action': 'put', 'key': 'forward_test_key2', 'value': 'Value2'}
Response: Put successful
Request Time: 2023-11-18 15:02:03
Request: {'action': 'get', 'key': 'forward_test_key2'}
Response: Value2
Request Time: 2023-11-18 15:03:08
Request: {'action': 'put', 'key': 'forward_test_key2', 'value': 'Value2'}
Response: Put successful
Request Time: 2023-11-18 15:03:08
Request: {'action': 'put', 'key': 'forward_test_key2', 'value': 'Value2'}
Response: Put successful
Request Time: 2023-11-18 15:03:08
Request: {'action': 'get', 'key': 'forward_test_key2'}
Response: Value2
Request Time: 2023-11-18 15:03:35
Request: {'action': 'put', 'key': 'forward_test_key2', 'value': 'Value2'}
Response: Put successful
Request Time: 2023-11-18 15:03:35
Request: {'action': 'put', 'key': 'forward_test_key2', 'value': 'Value2'}
Response: Put successful
Request Time: 2023-11-18 15:03:35
Request: {'action': 'get', 'key': 'forward_test_key2'}
Response: Value2
